          ok  Starting native_osx for sync applications-docker-sync
          ok  applications-docker-sync container still running, restarting unison in container
     command  docker exec applications-docker-sync supervisorctl restart unison
          ok  starting initial sync of applications-docker-sync
     success  Sync container started
     success  Showing unison logs from your sync container: applications-docker-sync
   Sync Log:  UNISON 2.48.4 started propagating changes at 12:26:00.11 on 09 Oct 2017
   Sync Log:  [BGN] Updating file macken/.git/COMMIT_EDITMSG from /host_sync to /app_sync
   Sync Log:  [END] Updating file macken/.git/COMMIT_EDITMSG
   Sync Log:  [BGN] Updating file macken/.git/index from /host_sync to /app_sync
   Sync Log:  [END] Updating file macken/.git/index
   Sync Log:  [BGN] Updating file macken/.git/logs/HEAD from /host_sync to /app_sync
   Sync Log:  [END] Updating file macken/.git/logs/HEAD
   Sync Log:  [BGN] Updating file macken/.git/logs/refs/heads/dev from /host_sync to /app_sync
   Sync Log:  [END] Updating file macken/.git/logs/refs/heads/dev
   Sync Log:  [BGN] Updating file macken/.git/logs/refs/remotes/origin/dev from /host_sync to /app_sync
   Sync Log:  [END] Updating file macken/.git/logs/refs/remotes/origin/dev
   Sync Log:  [BGN] Updating file macken/.git/refs/heads/dev from /host_sync to /app_sync
   Sync Log:  [END] Updating file macken/.git/refs/heads/dev
   Sync Log:  [BGN] Updating file macken/.git/refs/remotes/origin/dev from /host_sync to /app_sync
   Sync Log:  [END] Updating file macken/.git/refs/remotes/origin/dev
   Sync Log:  [BGN] Updating file macken/.idea/workspace.xml from /host_sync to /app_sync
   Sync Log:  [END] Updating file macken/.idea/workspace.xml
   Sync Log:  [BGN] Updating file phphub5/.idea/workspace.xml from /host_sync to /app_sync
   Sync Log:  [END] Updating file phphub5/.idea/workspace.xml
   Sync Log:  [BGN] Copying AtlassianCrowdAuthorizationBundle from /app_sync to /host_sync
   Sync Log:  [END] Copying AtlassianCrowdAuthorizationBundle
   Sync Log:  [BGN] Copying DevDock/.docker-sync/daemon.log from /host_sync to /app_sync
   Sync Log:  [END] Copying DevDock/.docker-sync/daemon.log
   Sync Log:  [BGN] Copying DevDock/.docker-sync/daemon.pid from /host_sync to /app_sync
   Sync Log:  [END] Copying DevDock/.docker-sync/daemon.pid
   Sync Log:  [BGN] Copying DevDock/docker-sync.yml from /host_sync to /app_sync
   Sync Log:  [END] Copying DevDock/docker-sync.yml
   Sync Log:  [BGN] Copying DevDock/elasticsearch from /host_sync to /app_sync
   Sync Log:  [END] Copying DevDock/elasticsearch
   Sync Log:  [BGN] Copying DevDock/logs from /host_sync to /app_sync
   Sync Log:  [END] Copying DevDock/logs
   Sync Log:  [BGN] Copying DevDock/memcached from /host_sync to /app_sync
   Sync Log:  [END] Copying DevDock/memcached
   Sync Log:  [BGN] Copying DevDock/mysql from /host_sync to /app_sync
   Sync Log:  [END] Copying DevDock/mysql
   Sync Log:  [BGN] Copying DevDock/nginx from /host_sync to /app_sync
   Sync Log:  [END] Copying DevDock/nginx
   Sync Log:  [BGN] Copying DevDock/php-fpm from /host_sync to /app_sync
   Sync Log:  [END] Copying DevDock/php-fpm
   Sync Log:  [BGN] Copying DevDock/php-worker from /host_sync to /app_sync
   Sync Log:  [END] Copying DevDock/php-worker
   Sync Log:  [BGN] Copying DevDock/phpmyadmin from /host_sync to /app_sync
   Sync Log:  [END] Copying DevDock/phpmyadmin
   Sync Log:  [BGN] Copying DevDock/redis from /host_sync to /app_sync
   Sync Log:  [END] Copying DevDock/redis
   Sync Log:  [BGN] Copying DevDock/sync.sh from /host_sync to /app_sync
   Sync Log:  [END] Copying DevDock/sync.sh
   Sync Log:  [BGN] Copying DevDock/workspace from /host_sync to /app_sync
   Sync Log:  [END] Copying DevDock/workspace
   Sync Log:  [BGN] Copying devdock_workspace from /app_sync to /host_sync
   Sync Log:  [END] Copying devdock_workspace
   Sync Log:  [BGN] Copying jbt_painting/.idea/workspace.xml from /host_sync to /app_sync
   Sync Log:  [END] Copying jbt_painting/.idea/workspace.xml
   Sync Log:  [BGN] Copying jbt_painting/_ide_helper.php from /host_sync to /app_sync
   Sync Log:  [END] Copying jbt_painting/_ide_helper.php
   Sync Log:  [BGN] Copying jbt_painting/app from /host_sync to /app_sync
   Sync Log:  [END] Copying jbt_painting/app
   Sync Log:  [BGN] Copying jbt_painting/artisan from /host_sync to /app_sync
   Sync Log:  [END] Copying jbt_painting/artisan
   Sync Log:  [BGN] Copying jbt_painting/bootstrap from /host_sync to /app_sync
   Sync Log:  [END] Copying jbt_painting/bootstrap
   Sync Log:  [BGN] Copying jbt_painting/composer.json from /host_sync to /app_sync
   Sync Log:  [END] Copying jbt_painting/composer.json
   Sync Log:  [BGN] Copying jbt_painting/composer.lock from /host_sync to /app_sync
   Sync Log:  [END] Copying jbt_painting/composer.lock
   Sync Log:  [BGN] Copying jbt_painting/config from /host_sync to /app_sync
   Sync Log:  [END] Copying jbt_painting/config
   Sync Log:  [BGN] Copying jbt_painting/database from /host_sync to /app_sync
   Sync Log:  [END] Copying jbt_painting/database
   Sync Log:  [BGN] Copying jbt_painting/jibite_mod.sql from /host_sync to /app_sync
   Sync Log:  [END] Copying jbt_painting/jibite_mod.sql
   Sync Log:  [BGN] Copying jbt_painting/phpunit.xml from /host_sync to /app_sync
   Sync Log:  [END] Copying jbt_painting/phpunit.xml
   Sync Log:  [BGN] Copying jbt_painting/public from /host_sync to /app_sync
   Sync Log:  [END] Copying jbt_painting/public
   Sync Log:  [BGN] Copying jbt_painting/resources from /host_sync to /app_sync
   Sync Log:  [END] Copying jbt_painting/resources
   Sync Log:  [BGN] Copying jbt_painting/routes from /host_sync to /app_sync
   Sync Log:  [END] Copying jbt_painting/routes
   Sync Log:  [BGN] Copying jbt_painting/server.php from /host_sync to /app_sync
   Sync Log:  [END] Copying jbt_painting/server.php
   Sync Log:  [BGN] Copying jbt_painting/storage from /host_sync to /app_sync
   Sync Log:  [END] Copying jbt_painting/storage
   Sync Log:  [BGN] Copying jbt_painting/tests from /host_sync to /app_sync
   Sync Log:  [END] Copying jbt_painting/tests
   Sync Log:  [BGN] Copying jbt_painting/vendor from /host_sync to /app_sync
   Sync Log:  [END] Copying jbt_painting/vendor
   Sync Log:  [BGN] Copying macken-assistant- from /app_sync to /host_sync
   Sync Log:  [END] Copying macken-assistant-
   Sync Log:  [BGN] Copying macken/.git/objects/0b/714039ba94ae299a8563ffb739af39ff98850b from /host_sync to /app_sync
   Sync Log:  [END] Copying macken/.git/objects/0b/714039ba94ae299a8563ffb739af39ff98850b
   Sync Log:  [BGN] Copying macken/.git/objects/24/ce79396c4ff3981f621e2b86b328c7d2e971a8 from /host_sync to /app_sync
   Sync Log:  [END] Copying macken/.git/objects/24/ce79396c4ff3981f621e2b86b328c7d2e971a8
   Sync Log:  [BGN] Copying macken/.git/objects/28/95874cd84d1bb00e3c3e083e536123f4b668ae from /host_sync to /app_sync
   Sync Log:  [END] Copying macken/.git/objects/28/95874cd84d1bb00e3c3e083e536123f4b668ae
   Sync Log:  [BGN] Copying macken/.git/objects/5e/584ac55c3a761afb9c6ebaa8355ec5d5f9e02f from /host_sync to /app_sync
   Sync Log:  [END] Copying macken/.git/objects/5e/584ac55c3a761afb9c6ebaa8355ec5d5f9e02f
   Sync Log:  [BGN] Copying macken/.git/objects/99/472bceec43a08c0955dab5a209c4dbcb382042 from /host_sync to /app_sync
   Sync Log:  [END] Copying macken/.git/objects/99/472bceec43a08c0955dab5a209c4dbcb382042
   Sync Log:  [BGN] Copying macken/.git/objects/9f/4bcb673450253b6b1743fa8e0b2d63926e014b from /host_sync to /app_sync
   Sync Log:  [END] Copying macken/.git/objects/9f/4bcb673450253b6b1743fa8e0b2d63926e014b
   Sync Log:  [BGN] Copying macken/.git/objects/a7/0491cdfccddcf0212feff88e62d3e5c2afd245 from /host_sync to /app_sync
   Sync Log:  [END] Copying macken/.git/objects/a7/0491cdfccddcf0212feff88e62d3e5c2afd245
   Sync Log:  [BGN] Copying macken/.git/objects/b3/cb6242359f46d904f1817c986a9e6052f1cd13 from /host_sync to /app_sync
   Sync Log:  [END] Copying macken/.git/objects/b3/cb6242359f46d904f1817c986a9e6052f1cd13
   Sync Log:  [BGN] Copying macken/.git/objects/b5/3fe8728c65a3c4c5867ee1482d9c233644ea1f from /host_sync to /app_sync
   Sync Log:  [END] Copying macken/.git/objects/b5/3fe8728c65a3c4c5867ee1482d9c233644ea1f
   Sync Log:  [BGN] Copying macken/.git/objects/cb/3ee71c014471b3d883ecfef4fe81a7b47abf5e from /host_sync to /app_sync
   Sync Log:  [END] Copying macken/.git/objects/cb/3ee71c014471b3d883ecfef4fe81a7b47abf5e
   Sync Log:  [BGN] Copying macken/.git/objects/d2/3fc0b66cd45b75a89abcc36949d2cc2ccff944 from /host_sync to /app_sync
   Sync Log:  [END] Copying macken/.git/objects/d2/3fc0b66cd45b75a89abcc36949d2cc2ccff944
   Sync Log:  [BGN] Copying macken/.git/objects/d4/f47cac12dda2053df00db65043c8445488ef6e from /host_sync to /app_sync
   Sync Log:  [END] Copying macken/.git/objects/d4/f47cac12dda2053df00db65043c8445488ef6e
   Sync Log:  [BGN] Copying macken/.git/objects/d5/0b3053e0f7086a40d541e9df558208c4c39207 from /host_sync to /app_sync
   Sync Log:  [END] Copying macken/.git/objects/d5/0b3053e0f7086a40d541e9df558208c4c39207
   Sync Log:  [BGN] Copying macken/storage/app/public/editor-upload/October2017/mSjA6BApUNVyHladYllV.jpg from /host_sync to /app_sync
   Sync Log:  [END] Copying macken/storage/app/public/editor-upload/October2017/mSjA6BApUNVyHladYllV.jpg
   Sync Log:  [BGN] Copying macken/storage/debugbar/b2fd282602191506133d81e9baf3d4c6.json from /host_sync to /app_sync
   Sync Log:  [END] Copying macken/storage/debugbar/b2fd282602191506133d81e9baf3d4c6.json
   Sync Log:  [BGN] Copying macken/storage/debugbar/d3ac0d43a180a02d0be268952b6c7ff8.json from /host_sync to /app_sync
   Sync Log:  [END] Copying macken/storage/debugbar/d3ac0d43a180a02d0be268952b6c7ff8.json
   Sync Log:  [BGN] Copying oas_ba from /app_sync to /host_sync
   Sync Log:  [END] Copying oas_ba
   Sync Log:  [BGN] Copying oas_bas from /app_sync to /host_sync
   Sync Log:  [END] Copying oas_bas
   Sync Log:  [BGN] Copying oas_dap from /app_sync to /host_sync
   Sync Log:  [END] Copying oas_dap
   Sync Log:  [BGN] Copying php-openid from /app_sync to /host_sync
   Sync Log:  [END] Copying php-openid
   Sync Log:  [BGN] Copying project from /app_sync to /host_sync
   Sync Log:  [END] Copying project
   Sync Log:  [BGN] Copying scaffold from /app_sync to /host_sync
   Sync Log:  [END] Copying scaffold
   Sync Log:  [BGN] Copying speedy from /app_sync to /host_sync
   Sync Log:  [END] Copying speedy
   Sync Log:  [BGN] Copying test from /app_sync to /host_sync
   Sync Log:  [END] Copying test
   Sync Log:  [BGN] Copying visitorstat from /app_sync to /host_sync
   Sync Log:  [END] Copying visitorstat
   Sync Log:  UNISON 2.48.4 finished propagating changes at 12:26:59.27 on 09 Oct 2017
   Sync Log:  Synchronization complete at 12:27:00  (69 items transferred, 0 skipped, 0 failed)
   Sync Log:  UNISON 2.48.4 started propagating changes at 14:19:52.54 on 09 Oct 2017
   Sync Log:  [BGN] Updating file macken/.idea/workspace.xml from /host_sync to /app_sync
   Sync Log:  [END] Updating file macken/.idea/workspace.xml
   Sync Log:  UNISON 2.48.4 finished propagating changes at 14:19:53.08 on 09 Oct 2017
   Sync Log:  Synchronization complete at 14:19:54  (1 item transferred, 0 skipped, 0 failed)
   Sync Log:  UNISON 2.48.4 started propagating changes at 14:20:58.36 on 09 Oct 2017
   Sync Log:  [BGN] Updating file macken/resources/assets/admin/js/helpers.js from /host_sync to /app_sync
   Sync Log:  [END] Updating file macken/resources/assets/admin/js/helpers.js
   Sync Log:  UNISON 2.48.4 finished propagating changes at 14:20:58.90 on 09 Oct 2017
   Sync Log:  Synchronization complete at 14:21:01  (1 item transferred, 0 skipped, 0 failed)
   Sync Log:  UNISON 2.48.4 started propagating changes at 14:21:04.25 on 09 Oct 2017
   Sync Log:  [BGN] Updating file macken/.idea/workspace.xml from /host_sync to /app_sync
   Sync Log:  [END] Updating file macken/.idea/workspace.xml
   Sync Log:  UNISON 2.48.4 finished propagating changes at 14:21:04.26 on 09 Oct 2017
   Sync Log:  Synchronization complete at 14:21:05  (1 item transferred, 0 skipped, 0 failed)
   Sync Log:  UNISON 2.48.4 started propagating changes at 14:23:17.89 on 09 Oct 2017
   Sync Log:  [BGN] Updating file DevDock/logs/nginx/access.log from /host_sync to /app_sync
   Sync Log:  [END] Updating file DevDock/logs/nginx/access.log
   Sync Log:  UNISON 2.48.4 finished propagating changes at 14:23:19.07 on 09 Oct 2017
   Sync Log:  Synchronization complete at 14:23:21  (1 item transferred, 0 skipped, 0 failed)
   Sync Log:  UNISON 2.48.4 started propagating changes at 14:23:26.39 on 09 Oct 2017
   Sync Log:  [BGN] Copying macken/storage/debugbar/1ccf7a3b0c7742ab843077db1cee188d.json from /host_sync to /app_sync
   Sync Log:  [END] Copying macken/storage/debugbar/1ccf7a3b0c7742ab843077db1cee188d.json
   Sync Log:  UNISON 2.48.4 finished propagating changes at 14:23:26.40 on 09 Oct 2017
   Sync Log:  Synchronization complete at 14:23:29  (1 item transferred, 0 skipped, 0 failed)
   Sync Log:  UNISON 2.48.4 started propagating changes at 14:23:35.15 on 09 Oct 2017
   Sync Log:  [BGN] Updating file DevDock/logs/nginx/access.log from /host_sync to /app_sync
   Sync Log:  [END] Updating file DevDock/logs/nginx/access.log
   Sync Log:  [BGN] Copying macken/storage/debugbar/16f88503a21e0ce6341efa1e7cc36b17.json from /host_sync to /app_sync
   Sync Log:  [END] Copying macken/storage/debugbar/16f88503a21e0ce6341efa1e7cc36b17.json
   Sync Log:  [BGN] Copying macken/storage/debugbar/b57948382998dcea471a5362b87ad98a.json from /host_sync to /app_sync
   Sync Log:  [END] Copying macken/storage/debugbar/b57948382998dcea471a5362b87ad98a.json
   Sync Log:  [BGN] Copying macken/storage/debugbar/cfe7f8805ce0b4fd4a5fcec20e1ba675.json from /host_sync to /app_sync
   Sync Log:  [END] Copying macken/storage/debugbar/cfe7f8805ce0b4fd4a5fcec20e1ba675.json
   Sync Log:  [BGN] Copying macken/storage/framework/sessions/AYa93d7tbMEGcWKZiK9I8tJuSwYNW65WSexUsEPU from /host_sync to /app_sync
   Sync Log:  [END] Copying macken/storage/framework/sessions/AYa93d7tbMEGcWKZiK9I8tJuSwYNW65WSexUsEPU
   Sync Log:  UNISON 2.48.4 finished propagating changes at 14:23:36.26 on 09 Oct 2017
   Sync Log:  Synchronization complete at 14:23:39  (5 items transferred, 0 skipped, 0 failed)
   Sync Log:  UNISON 2.48.4 started propagating changes at 14:23:42.82 on 09 Oct 2017
   Sync Log:  [BGN] Updating file DevDock/logs/nginx/access.log from /host_sync to /app_sync
   Sync Log:  [END] Updating file DevDock/logs/nginx/access.log
   Sync Log:  [BGN] Copying macken/storage/debugbar/4beaa8e65a90a23e42be8baf874168c2.json from /host_sync to /app_sync
   Sync Log:  [END] Copying macken/storage/debugbar/4beaa8e65a90a23e42be8baf874168c2.json
   Sync Log:  [BGN] Copying macken/storage/debugbar/9e9d5f25e818919a008004e87e904dce.json from /host_sync to /app_sync
   Sync Log:  [END] Copying macken/storage/debugbar/9e9d5f25e818919a008004e87e904dce.json
   Sync Log:  UNISON 2.48.4 finished propagating changes at 14:23:44.05 on 09 Oct 2017
   Sync Log:  Synchronization complete at 14:23:46  (3 items transferred, 0 skipped, 0 failed)
   Sync Log:  UNISON 2.48.4 started propagating changes at 14:23:49.07 on 09 Oct 2017
   Sync Log:  [BGN] Updating file DevDock/logs/nginx/access.log from /host_sync to /app_sync
   Sync Log:  Failed: The source file /host_sync/DevDock/logs/nginx/access.log
   Sync Log:  has been modified during synchronization.  Transfer aborted.
   Sync Log:  UNISON 2.48.4 finished propagating changes at 14:23:49.98 on 09 Oct 2017
   Sync Log:  Synchronization incomplete at 14:23:52  (0 items transferred, 0 skipped, 1 failed)
   Sync Log:    failed: DevDock/logs/nginx/access.log
   Sync Log:  UNISON 2.48.4 started propagating changes at 14:23:54.99 on 09 Oct 2017
   Sync Log:  [BGN] Updating file DevDock/logs/nginx/access.log from /host_sync to /app_sync
   Sync Log:  [END] Updating file DevDock/logs/nginx/access.log
   Sync Log:  [BGN] Copying macken/storage/debugbar/e3239d29e59e2062a104d5f2033efbb1.json from /host_sync to /app_sync
   Sync Log:  [END] Copying macken/storage/debugbar/e3239d29e59e2062a104d5f2033efbb1.json
   Sync Log:  [BGN] Copying macken/storage/framework/sessions/huXEMKMNMamIhi1in6xqgovBP73bEQGztAlzVPfq from /host_sync to /app_sync
   Sync Log:  [END] Copying macken/storage/framework/sessions/huXEMKMNMamIhi1in6xqgovBP73bEQGztAlzVPfq
   Sync Log:  [BGN] Deleting macken/storage/framework/sessions/AYa93d7tbMEGcWKZiK9I8tJuSwYNW65WSexUsEPU from /app_sync
   Sync Log:  [END] Deleting macken/storage/framework/sessions/AYa93d7tbMEGcWKZiK9I8tJuSwYNW65WSexUsEPU
   Sync Log:  UNISON 2.48.4 finished propagating changes at 14:23:55.92 on 09 Oct 2017
   Sync Log:  Synchronization complete at 14:23:58  (4 items transferred, 0 skipped, 0 failed)
   Sync Log:  UNISON 2.48.4 started propagating changes at 14:24:05.33 on 09 Oct 2017
   Sync Log:  [BGN] Updating file DevDock/logs/nginx/access.log from /host_sync to /app_sync
   Sync Log:  [END] Updating file DevDock/logs/nginx/access.log
   Sync Log:  [BGN] Copying macken/storage/debugbar/83f90f662f7ccc7cc29c5bcff9e5c678.json from /host_sync to /app_sync
   Sync Log:  [END] Copying macken/storage/debugbar/83f90f662f7ccc7cc29c5bcff9e5c678.json
   Sync Log:  [BGN] Updating file macken/storage/framework/sessions/huXEMKMNMamIhi1in6xqgovBP73bEQGztAlzVPfq from /host_sync to /app_sync
   Sync Log:  [END] Updating file macken/storage/framework/sessions/huXEMKMNMamIhi1in6xqgovBP73bEQGztAlzVPfq
   Sync Log:  UNISON 2.48.4 finished propagating changes at 14:24:06.14 on 09 Oct 2017
   Sync Log:  Synchronization complete at 14:24:09  (3 items transferred, 0 skipped, 0 failed)
   Sync Log:  UNISON 2.48.4 started propagating changes at 14:24:15.07 on 09 Oct 2017
   Sync Log:  [BGN] Updating file DevDock/logs/nginx/access.log from /host_sync to /app_sync
   Sync Log:  Failed: The source file /host_sync/DevDock/logs/nginx/access.log
   Sync Log:  has been modified during synchronization.  Transfer aborted.
   Sync Log:  UNISON 2.48.4 finished propagating changes at 14:24:15.69 on 09 Oct 2017
   Sync Log:  Synchronization incomplete at 14:24:18  (0 items transferred, 0 skipped, 1 failed)
   Sync Log:    failed: DevDock/logs/nginx/access.log
   Sync Log:  UNISON 2.48.4 started propagating changes at 14:24:22.01 on 09 Oct 2017
   Sync Log:  [BGN] Updating file DevDock/logs/nginx/access.log from /host_sync to /app_sync
   Sync Log:  Failed: The source file /host_sync/DevDock/logs/nginx/access.log
   Sync Log:  has been modified during synchronization.  Transfer aborted.
   Sync Log:  UNISON 2.48.4 finished propagating changes at 14:24:23.54 on 09 Oct 2017
   Sync Log:  Synchronization incomplete at 14:24:25  (0 items transferred, 0 skipped, 1 failed)
   Sync Log:    failed: DevDock/logs/nginx/access.log
   Sync Log:  UNISON 2.48.4 started propagating changes at 14:24:31.85 on 09 Oct 2017
   Sync Log:  [BGN] Updating file DevDock/logs/nginx/access.log from /host_sync to /app_sync
   Sync Log:  [END] Updating file DevDock/logs/nginx/access.log
   Sync Log:  UNISON 2.48.4 finished propagating changes at 14:24:32.91 on 09 Oct 2017
   Sync Log:  Synchronization complete at 14:24:34  (1 item transferred, 0 skipped, 0 failed)
   Sync Log:  UNISON 2.48.4 started propagating changes at 14:24:41.34 on 09 Oct 2017
   Sync Log:  [BGN] Copying macken/storage/debugbar/1b76dc238fdc68e48783d3932a3f01b2.json from /host_sync to /app_sync
   Sync Log:  [END] Copying macken/storage/debugbar/1b76dc238fdc68e48783d3932a3f01b2.json
   Sync Log:  [BGN] Copying macken/storage/debugbar/ab4371c64657c263010cef1d636aab33.json from /host_sync to /app_sync
   Sync Log:  [END] Copying macken/storage/debugbar/ab4371c64657c263010cef1d636aab33.json
   Sync Log:  UNISON 2.48.4 finished propagating changes at 14:24:41.67 on 09 Oct 2017
   Sync Log:  Synchronization complete at 14:24:44  (2 items transferred, 0 skipped, 0 failed)
   Sync Log:  UNISON 2.48.4 started propagating changes at 14:24:49.14 on 09 Oct 2017
   Sync Log:  [BGN] Updating file DevDock/logs/nginx/access.log from /host_sync to /app_sync
   Sync Log:  [END] Updating file DevDock/logs/nginx/access.log
   Sync Log:  [BGN] Copying macken/storage/debugbar/1bd7eede304b2b3589b0543207d62b95.json from /host_sync to /app_sync
   Sync Log:  [END] Copying macken/storage/debugbar/1bd7eede304b2b3589b0543207d62b95.json
   Sync Log:  [BGN] Copying macken/storage/debugbar/fb362dff2290d423d7a923b45f20af44.json from /host_sync to /app_sync
   Sync Log:  [END] Copying macken/storage/debugbar/fb362dff2290d423d7a923b45f20af44.json
   Sync Log:  [BGN] Updating file macken/storage/framework/sessions/huXEMKMNMamIhi1in6xqgovBP73bEQGztAlzVPfq from /host_sync to /app_sync
   Sync Log:  [END] Updating file macken/storage/framework/sessions/huXEMKMNMamIhi1in6xqgovBP73bEQGztAlzVPfq
   Sync Log:  UNISON 2.48.4 finished propagating changes at 14:24:52.26 on 09 Oct 2017
   Sync Log:  Synchronization complete at 14:24:53  (4 items transferred, 0 skipped, 0 failed)
   Sync Log:  UNISON 2.48.4 started propagating changes at 14:24:59.88 on 09 Oct 2017
   Sync Log:  [BGN] Updating file DevDock/logs/nginx/access.log from /host_sync to /app_sync
   Sync Log:  [END] Updating file DevDock/logs/nginx/access.log
   Sync Log:  [BGN] Copying macken/storage/debugbar/2411fd85ec39a7eef3a4a02064e121af.json from /host_sync to /app_sync
   Sync Log:  [END] Copying macken/storage/debugbar/2411fd85ec39a7eef3a4a02064e121af.json
   Sync Log:  [BGN] Copying macken/storage/debugbar/78b48b931e261fa4f2d71d1a7c7bacc7.json from /host_sync to /app_sync
   Sync Log:  [END] Copying macken/storage/debugbar/78b48b931e261fa4f2d71d1a7c7bacc7.json
   Sync Log:  UNISON 2.48.4 finished propagating changes at 14:25:00.52 on 09 Oct 2017
   Sync Log:  Synchronization complete at 14:25:01  (3 items transferred, 0 skipped, 0 failed)
   Sync Log:  UNISON 2.48.4 started propagating changes at 14:28:22.13 on 09 Oct 2017
   Sync Log:  [BGN] Updating file DevDock/logs/nginx/access.log from /host_sync to /app_sync
   Sync Log:  [END] Updating file DevDock/logs/nginx/access.log
   Sync Log:  [BGN] Copying macken/storage/debugbar/0e0f66e74962db0b0102f0120d0ac9b4.json from /host_sync to /app_sync
   Sync Log:  [END] Copying macken/storage/debugbar/0e0f66e74962db0b0102f0120d0ac9b4.json
   Sync Log:  [BGN] Updating file macken/storage/framework/sessions/huXEMKMNMamIhi1in6xqgovBP73bEQGztAlzVPfq from /host_sync to /app_sync
   Sync Log:  [END] Updating file macken/storage/framework/sessions/huXEMKMNMamIhi1in6xqgovBP73bEQGztAlzVPfq
   Sync Log:  UNISON 2.48.4 finished propagating changes at 14:28:24.57 on 09 Oct 2017
   Sync Log:  Synchronization complete at 14:28:26  (3 items transferred, 0 skipped, 0 failed)
   Sync Log:  UNISON 2.48.4 started propagating changes at 14:28:29.51 on 09 Oct 2017
   Sync Log:  [BGN] Copying macken/storage/debugbar/ad003f75bcfb4e06ab00710d6cc7422b.json from /host_sync to /app_sync
   Sync Log:  [END] Copying macken/storage/debugbar/ad003f75bcfb4e06ab00710d6cc7422b.json
   Sync Log:  UNISON 2.48.4 finished propagating changes at 14:28:29.54 on 09 Oct 2017
   Sync Log:  Synchronization complete at 14:28:32  (1 item transferred, 0 skipped, 0 failed)
   Sync Log:  UNISON 2.48.4 started propagating changes at 14:28:35.31 on 09 Oct 2017
   Sync Log:  [BGN] Updating file DevDock/logs/nginx/access.log from /host_sync to /app_sync
   Sync Log:  [END] Updating file DevDock/logs/nginx/access.log
   Sync Log:  [BGN] Copying macken/storage/debugbar/deb068fcbd5fc38240e90d21288a1074.json from /host_sync to /app_sync
   Sync Log:  [END] Copying macken/storage/debugbar/deb068fcbd5fc38240e90d21288a1074.json
   Sync Log:  UNISON 2.48.4 finished propagating changes at 14:28:37.42 on 09 Oct 2017
   Sync Log:  Synchronization complete at 14:28:38  (2 items transferred, 0 skipped, 0 failed)
   Sync Log:  UNISON 2.48.4 started propagating changes at 14:28:46.12 on 09 Oct 2017
   Sync Log:  [BGN] Updating file DevDock/logs/nginx/access.log from /host_sync to /app_sync
   Sync Log:  Failed: The source file /host_sync/DevDock/logs/nginx/access.log
   Sync Log:  has been modified during synchronization.  Transfer aborted.
   Sync Log:  [BGN] Copying macken/storage/app/public/editor-upload/October2017/ihA8JGbXiKC6KLad93sl.jpg from /host_sync to /app_sync
   Sync Log:  [END] Copying macken/storage/app/public/editor-upload/October2017/ihA8JGbXiKC6KLad93sl.jpg
   Sync Log:  [BGN] Copying macken/storage/debugbar/8b33399fc2029a66597bda3577369365.json from /host_sync to /app_sync
   Sync Log:  [END] Copying macken/storage/debugbar/8b33399fc2029a66597bda3577369365.json
   Sync Log:  UNISON 2.48.4 finished propagating changes at 14:28:46.86 on 09 Oct 2017
   Sync Log:  Synchronization incomplete at 14:28:49  (2 items transferred, 0 skipped, 1 failed)
   Sync Log:    failed: DevDock/logs/nginx/access.log
   Sync Log:  UNISON 2.48.4 started propagating changes at 14:28:51.98 on 09 Oct 2017
   Sync Log:  [BGN] Updating file DevDock/logs/nginx/access.log from /host_sync to /app_sync
   Sync Log:  [END] Updating file DevDock/logs/nginx/access.log
   Sync Log:  UNISON 2.48.4 finished propagating changes at 14:28:54.08 on 09 Oct 2017
   Sync Log:  Synchronization complete at 14:28:56  (1 item transferred, 0 skipped, 0 failed)
   Sync Log:  UNISON 2.48.4 started propagating changes at 14:29:00.56 on 09 Oct 2017
   Sync Log:  [BGN] Updating file macken/.idea/workspace.xml from /host_sync to /app_sync
   Sync Log:  [END] Updating file macken/.idea/workspace.xml
   Sync Log:  UNISON 2.48.4 finished propagating changes at 14:29:00.70 on 09 Oct 2017
   Sync Log:  Synchronization complete at 14:29:02  (1 item transferred, 0 skipped, 0 failed)
   Sync Log:  UNISON 2.48.4 started propagating changes at 14:29:31.05 on 09 Oct 2017
   Sync Log:  [BGN] Copying macken/node_modules/.cache/babel-loader/bfc2c4a1d0dd2d8bfaee7fb4df396ef01df22aa3.json.gz from /host_sync to /app_sync
   Sync Log:  [END] Copying macken/node_modules/.cache/babel-loader/bfc2c4a1d0dd2d8bfaee7fb4df396ef01df22aa3.json.gz
   Sync Log:  UNISON 2.48.4 finished propagating changes at 14:29:31.56 on 09 Oct 2017
   Sync Log:  Synchronization complete at 14:29:32  (1 item transferred, 0 skipped, 0 failed)
   Sync Log:  UNISON 2.48.4 started propagating changes at 14:29:36.73 on 09 Oct 2017
   Sync Log:  [BGN] Copying macken/node_modules/.cache/babel-loader/014bd148fa1a5736c2917f387f24e7f6e2ea37dc.json.gz from /host_sync to /app_sync
   Sync Log:  [END] Copying macken/node_modules/.cache/babel-loader/014bd148fa1a5736c2917f387f24e7f6e2ea37dc.json.gz
   Sync Log:  [BGN] Copying macken/node_modules/.cache/babel-loader/0c2451b6ccc382e5328d9d88bcc56eb0ed06909b.json.gz from /host_sync to /app_sync
   Sync Log:  [END] Copying macken/node_modules/.cache/babel-loader/0c2451b6ccc382e5328d9d88bcc56eb0ed06909b.json.gz
   Sync Log:  [BGN] Copying macken/node_modules/.cache/babel-loader/1e64aedee8e086156bf5e9132eec56cde169bdbc.json.gz from /host_sync to /app_sync
   Sync Log:  [END] Copying macken/node_modules/.cache/babel-loader/1e64aedee8e086156bf5e9132eec56cde169bdbc.json.gz
   Sync Log:  [BGN] Copying macken/node_modules/.cache/babel-loader/2179b9cf8067bd03574a5f7e7e3661820554333d.json.gz from /host_sync to /app_sync
   Sync Log:  [END] Copying macken/node_modules/.cache/babel-loader/2179b9cf8067bd03574a5f7e7e3661820554333d.json.gz
   Sync Log:  [BGN] Copying macken/node_modules/.cache/babel-loader/23403428d25b68e0f38495710284b99df0fd1add.json.gz from /host_sync to /app_sync
   Sync Log:  [END] Copying macken/node_modules/.cache/babel-loader/23403428d25b68e0f38495710284b99df0fd1add.json.gz
   Sync Log:  [BGN] Copying macken/node_modules/.cache/babel-loader/2c13c34b250bb49691acfabef69ec63648743e36.json.gz from /host_sync to /app_sync
   Sync Log:  [END] Copying macken/node_modules/.cache/babel-loader/2c13c34b250bb49691acfabef69ec63648743e36.json.gz
   Sync Log:  [BGN] Copying macken/node_modules/.cache/babel-loader/530383cce735dcf23244ba8dca0e7b0e233cadc1.json.gz from /host_sync to /app_sync
   Sync Log:  [END] Copying macken/node_modules/.cache/babel-loader/530383cce735dcf23244ba8dca0e7b0e233cadc1.json.gz
   Sync Log:  [BGN] Copying macken/node_modules/.cache/babel-loader/5d0474e63dc4bfc61ab0b1c9248210e06a0e8c77.json.gz from /host_sync to /app_sync
   Sync Log:  [END] Copying macken/node_modules/.cache/babel-loader/5d0474e63dc4bfc61ab0b1c9248210e06a0e8c77.json.gz
   Sync Log:  [BGN] Copying macken/node_modules/.cache/babel-loader/67a357b7744db829e215349e7b3b05a9693cc309.json.gz from /host_sync to /app_sync
   Sync Log:  [END] Copying macken/node_modules/.cache/babel-loader/67a357b7744db829e215349e7b3b05a9693cc309.json.gz
   Sync Log:  [BGN] Copying macken/node_modules/.cache/babel-loader/7ee3b6a5636aee312e43a2b717f870d61083fde3.json.gz from /host_sync to /app_sync
   Sync Log:  [END] Copying macken/node_modules/.cache/babel-loader/7ee3b6a5636aee312e43a2b717f870d61083fde3.json.gz
   Sync Log:  [BGN] Copying macken/node_modules/.cache/babel-loader/c61dc94425aaf48533f3f02cf9acee9895569840.json.gz from /host_sync to /app_sync
   Sync Log:  [END] Copying macken/node_modules/.cache/babel-loader/c61dc94425aaf48533f3f02cf9acee9895569840.json.gz
   Sync Log:  UNISON 2.48.4 finished propagating changes at 14:29:38.34 on 09 Oct 2017
   Sync Log:  Synchronization complete at 14:29:40  (11 items transferred, 0 skipped, 0 failed)
   Sync Log:  UNISON 2.48.4 started propagating changes at 14:29:49.74 on 09 Oct 2017
   Sync Log:  [BGN] Updating file macken/.git/index from /host_sync to /app_sync
   Sync Log:  [END] Updating file macken/.git/index
   Sync Log:  [BGN] Updating file macken/.idea/workspace.xml from /host_sync to /app_sync
   Sync Log:  [END] Updating file macken/.idea/workspace.xml
   Sync Log:  [BGN] Copying macken/public/backend/js/app.e2e174b1d2827a2f8275.js from /host_sync to /app_sync
   Sync Log:  [END] Copying macken/public/backend/js/app.e2e174b1d2827a2f8275.js
   Sync Log:  [BGN] Updating file macken/public/mix-manifest.json from /host_sync to /app_sync
   Sync Log:  [END] Updating file macken/public/mix-manifest.json
   Sync Log:  UNISON 2.48.4 finished propagating changes at 14:29:50.23 on 09 Oct 2017
   Sync Log:  Synchronization complete at 14:29:51  (4 items transferred, 0 skipped, 0 failed)
   Sync Log:  UNISON 2.48.4 started propagating changes at 14:29:59.29 on 09 Oct 2017
   Sync Log:  [BGN] Updating file macken/.idea/workspace.xml from /host_sync to /app_sync
   Sync Log:  [END] Updating file macken/.idea/workspace.xml
   Sync Log:  UNISON 2.48.4 finished propagating changes at 14:29:59.30 on 09 Oct 2017
   Sync Log:  Synchronization complete at 14:30:01  (1 item transferred, 0 skipped, 0 failed)
   Sync Log:  UNISON 2.48.4 started propagating changes at 14:30:20.85 on 09 Oct 2017
   Sync Log:  [BGN] Updating file macken/.idea/workspace.xml from /host_sync to /app_sync
   Sync Log:  [END] Updating file macken/.idea/workspace.xml
   Sync Log:  UNISON 2.48.4 finished propagating changes at 14:30:20.87 on 09 Oct 2017
   Sync Log:  Synchronization complete at 14:30:25  (1 item transferred, 0 skipped, 0 failed)
   Sync Log:  UNISON 2.48.4 started propagating changes at 14:30:32.88 on 09 Oct 2017
   Sync Log:  [BGN] Updating file macken/.git/index from /host_sync to /app_sync
   Sync Log:  [END] Updating file macken/.git/index
   Sync Log:  UNISON 2.48.4 finished propagating changes at 14:30:32.89 on 09 Oct 2017
   Sync Log:  Synchronization complete at 14:30:35  (1 item transferred, 0 skipped, 0 failed)
   Sync Log:  UNISON 2.48.4 started propagating changes at 14:30:46.42 on 09 Oct 2017
   Sync Log:  [BGN] Copying macken/storage/debugbar/db6331f9063eec16e8c2fcf0adad6b1b.json from /host_sync to /app_sync
   Sync Log:  [END] Copying macken/storage/debugbar/db6331f9063eec16e8c2fcf0adad6b1b.json
   Sync Log:  UNISON 2.48.4 finished propagating changes at 14:30:46.42 on 09 Oct 2017
   Sync Log:  Synchronization complete at 14:30:50  (1 item transferred, 0 skipped, 0 failed)
   Sync Log:  UNISON 2.48.4 started propagating changes at 14:31:00.23 on 09 Oct 2017
   Sync Log:  [BGN] Updating file DevDock/logs/nginx/access.log from /host_sync to /app_sync
   Sync Log:  [END] Updating file DevDock/logs/nginx/access.log
   Sync Log:  [BGN] Updating file macken/.idea/workspace.xml from /host_sync to /app_sync
   Sync Log:  [END] Updating file macken/.idea/workspace.xml
   Sync Log:  UNISON 2.48.4 finished propagating changes at 14:31:04.36 on 09 Oct 2017
   Sync Log:  Synchronization complete at 14:31:07  (2 items transferred, 0 skipped, 0 failed)
   Sync Log:  UNISON 2.48.4 started propagating changes at 14:31:15.44 on 09 Oct 2017
   Sync Log:  [BGN] Updating file DevDock/logs/nginx/access.log from /host_sync to /app_sync
   Sync Log:  Failed: The source file /host_sync/DevDock/logs/nginx/access.log
   Sync Log:  has been modified during synchronization.  Transfer aborted.
   Sync Log:  UNISON 2.48.4 finished propagating changes at 14:31:16.62 on 09 Oct 2017
   Sync Log:  Synchronization incomplete at 14:31:19  (0 items transferred, 0 skipped, 1 failed)
   Sync Log:    failed: DevDock/logs/nginx/access.log
   Sync Log:  UNISON 2.48.4 started propagating changes at 14:31:23.31 on 09 Oct 2017
   Sync Log:  [BGN] Updating file DevDock/logs/nginx/access.log from /host_sync to /app_sync
   Sync Log:  [END] Updating file DevDock/logs/nginx/access.log
   Sync Log:  [BGN] Copying macken/storage/debugbar/0a8585bf14e60ab04a9d9787211b86ad.json from /host_sync to /app_sync
   Sync Log:  [END] Copying macken/storage/debugbar/0a8585bf14e60ab04a9d9787211b86ad.json
   Sync Log:  [BGN] Copying macken/storage/debugbar/83a44783eb0ce98c5f377c035c17f308.json from /host_sync to /app_sync
   Sync Log:  [END] Copying macken/storage/debugbar/83a44783eb0ce98c5f377c035c17f308.json
   Sync Log:  UNISON 2.48.4 finished propagating changes at 14:31:23.77 on 09 Oct 2017
   Sync Log:  Synchronization complete at 14:31:26  (3 items transferred, 0 skipped, 0 failed)
   Sync Log:  UNISON 2.48.4 started propagating changes at 14:34:34.48 on 09 Oct 2017
   Sync Log:  [BGN] Updating file DevDock/logs/nginx/access.log from /host_sync to /app_sync
   Sync Log:  Failed: The source file /host_sync/DevDock/logs/nginx/access.log
   Sync Log:  has been modified during synchronization.  Transfer aborted.
   Sync Log:  [BGN] Copying macken/storage/app/public/editor-upload/October2017/gc9RQAQsbeTjQilPtIBw.jpg from /host_sync to /app_sync
   Sync Log:  [END] Copying macken/storage/app/public/editor-upload/October2017/gc9RQAQsbeTjQilPtIBw.jpg
   Sync Log:  [BGN] Copying macken/storage/debugbar/166d019bb76232cd9e145c566dd82a00.json from /host_sync to /app_sync
   Sync Log:  [END] Copying macken/storage/debugbar/166d019bb76232cd9e145c566dd82a00.json
   Sync Log:  UNISON 2.48.4 finished propagating changes at 14:34:34.92 on 09 Oct 2017
   Sync Log:  Synchronization incomplete at 14:34:37  (2 items transferred, 0 skipped, 1 failed)
   Sync Log:    failed: DevDock/logs/nginx/access.log
   Sync Log:  UNISON 2.48.4 started propagating changes at 14:34:39.52 on 09 Oct 2017
   Sync Log:  [BGN] Updating file DevDock/logs/nginx/access.log from /host_sync to /app_sync
   Sync Log:  [END] Updating file DevDock/logs/nginx/access.log
   Sync Log:  UNISON 2.48.4 finished propagating changes at 14:34:40.09 on 09 Oct 2017
   Sync Log:  Synchronization complete at 14:34:41  (1 item transferred, 0 skipped, 0 failed)
   Sync Log:  UNISON 2.48.4 started propagating changes at 14:39:00.29 on 09 Oct 2017
   Sync Log:  [BGN] Updating file macken/.idea/workspace.xml from /host_sync to /app_sync
   Sync Log:  [END] Updating file macken/.idea/workspace.xml
   Sync Log:  [BGN] Updating file macken/resources/views/admin/formfields/rich_text_box.blade.php from /host_sync to /app_sync
   Sync Log:  [END] Updating file macken/resources/views/admin/formfields/rich_text_box.blade.php
   Sync Log:  UNISON 2.48.4 finished propagating changes at 14:39:00.68 on 09 Oct 2017
   Sync Log:  Synchronization complete at 14:39:02  (2 items transferred, 0 skipped, 0 failed)
   Sync Log:  UNISON 2.48.4 started propagating changes at 14:39:36.07 on 09 Oct 2017
   Sync Log:  [BGN] Updating file macken/.idea/workspace.xml from /host_sync to /app_sync
   Sync Log:  [END] Updating file macken/.idea/workspace.xml
   Sync Log:  [BGN] Updating file macken/resources/assets/admin/js/helpers.js from /host_sync to /app_sync
   Sync Log:  [END] Updating file macken/resources/assets/admin/js/helpers.js
   Sync Log:  [BGN] Updating file macken/resources/views/admin/formfields/rich_text_box.blade.php from /host_sync to /app_sync
   Sync Log:  [END] Updating file macken/resources/views/admin/formfields/rich_text_box.blade.php
   Sync Log:  UNISON 2.48.4 finished propagating changes at 14:39:36.60 on 09 Oct 2017
   Sync Log:  Synchronization complete at 14:39:39  (3 items transferred, 0 skipped, 0 failed)
   Sync Log:  UNISON 2.48.4 started propagating changes at 14:39:41.79 on 09 Oct 2017
   Sync Log:  [BGN] Copying macken/node_modules/.cache/babel-loader/4d697c63b61870c238b72543c9c4feb948fb1e43.json.gz from /host_sync to /app_sync
   Sync Log:  [END] Copying macken/node_modules/.cache/babel-loader/4d697c63b61870c238b72543c9c4feb948fb1e43.json.gz
   Sync Log:  [BGN] Updating file macken/public/mix-manifest.json from /host_sync to /app_sync
   Sync Log:  [END] Updating file macken/public/mix-manifest.json
   Sync Log:  UNISON 2.48.4 finished propagating changes at 14:39:42.24 on 09 Oct 2017
   Sync Log:  Synchronization complete at 14:39:44  (2 items transferred, 0 skipped, 0 failed)
   Sync Log:  UNISON 2.48.4 started propagating changes at 14:39:53.92 on 09 Oct 2017
   Sync Log:  [BGN] Updating file macken/.idea/workspace.xml from /host_sync to /app_sync
   Sync Log:  [END] Updating file macken/.idea/workspace.xml
   Sync Log:  [BGN] Updating file macken/resources/views/admin/formfields/rich_text_box.blade.php from /host_sync to /app_sync
   Sync Log:  [END] Updating file macken/resources/views/admin/formfields/rich_text_box.blade.php
   Sync Log:  UNISON 2.48.4 finished propagating changes at 14:39:53.97 on 09 Oct 2017
   Sync Log:  Synchronization complete at 14:39:55  (2 items transferred, 0 skipped, 0 failed)
   Sync Log:  UNISON 2.48.4 started propagating changes at 14:40:07.38 on 09 Oct 2017
   Sync Log:  [BGN] Updating file macken/.idea/workspace.xml from /host_sync to /app_sync
   Sync Log:  [END] Updating file macken/.idea/workspace.xml
   Sync Log:  UNISON 2.48.4 finished propagating changes at 14:40:07.39 on 09 Oct 2017
   Sync Log:  Synchronization complete at 14:40:09  (1 item transferred, 0 skipped, 0 failed)
   Sync Log:  UNISON 2.48.4 started propagating changes at 14:40:13.76 on 09 Oct 2017
   Sync Log:  [BGN] Updating file macken/.git/index from /host_sync to /app_sync
   Sync Log:  [END] Updating file macken/.git/index
   Sync Log:  UNISON 2.48.4 finished propagating changes at 14:40:13.77 on 09 Oct 2017
   Sync Log:  Synchronization complete at 14:40:16  (1 item transferred, 0 skipped, 0 failed)
   Sync Log:  UNISON 2.48.4 started propagating changes at 14:40:24.17 on 09 Oct 2017
   Sync Log:  [BGN] Updating file macken/storage/framework/views/3a6db37d6978d71f1c3328c08e246a263a94bcd0.php from /host_sync to /app_sync
   Sync Log:  [END] Updating file macken/storage/framework/views/3a6db37d6978d71f1c3328c08e246a263a94bcd0.php
   Sync Log:  UNISON 2.48.4 finished propagating changes at 14:40:24.54 on 09 Oct 2017
   Sync Log:  Synchronization complete at 14:40:26  (1 item transferred, 0 skipped, 0 failed)
   Sync Log:  UNISON 2.48.4 started propagating changes at 14:40:34.06 on 09 Oct 2017
   Sync Log:  [BGN] Updating file DevDock/logs/nginx/access.log from /host_sync to /app_sync
   Sync Log:  Failed: The source file /host_sync/DevDock/logs/nginx/access.log
   Sync Log:  has been modified during synchronization.  Transfer aborted.
   Sync Log:  [BGN] Copying macken/storage/debugbar/cab9dade74485cb4b4a96864dbf0d32f.json from /host_sync to /app_sync
   Sync Log:  [END] Copying macken/storage/debugbar/cab9dade74485cb4b4a96864dbf0d32f.json
   Sync Log:  UNISON 2.48.4 finished propagating changes at 14:40:34.55 on 09 Oct 2017
   Sync Log:  Synchronization incomplete at 14:40:37  (1 item transferred, 0 skipped, 1 failed)
   Sync Log:    failed: DevDock/logs/nginx/access.log
   Sync Log:  UNISON 2.48.4 started propagating changes at 14:40:42.60 on 09 Oct 2017
   Sync Log:  [BGN] Updating file DevDock/logs/nginx/access.log from /host_sync to /app_sync
   Sync Log:  Failed: The source file /host_sync/DevDock/logs/nginx/access.log
   Sync Log:  has been modified during synchronization.  Transfer aborted.
   Sync Log:  UNISON 2.48.4 finished propagating changes at 14:40:43.87 on 09 Oct 2017
   Sync Log:  Synchronization incomplete at 14:40:47  (0 items transferred, 0 skipped, 1 failed)
   Sync Log:    failed: DevDock/logs/nginx/access.log
   Sync Log:  UNISON 2.48.4 started propagating changes at 14:40:50.15 on 09 Oct 2017
   Sync Log:  [BGN] Updating file DevDock/logs/nginx/access.log from /host_sync to /app_sync
   Sync Log:  [END] Updating file DevDock/logs/nginx/access.log
   Sync Log:  [BGN] Updating file macken/.idea/workspace.xml from /host_sync to /app_sync
   Sync Log:  [END] Updating file macken/.idea/workspace.xml
   Sync Log:  [BGN] Copying macken/storage/debugbar/af0a0132cf56f89f0ea4729d55a14632.json from /host_sync to /app_sync
   Sync Log:  [END] Copying macken/storage/debugbar/af0a0132cf56f89f0ea4729d55a14632.json
   Sync Log:  [BGN] Copying macken/storage/debugbar/b1056c381cb228f9a66bd9a6cd094cba.json from /host_sync to /app_sync
   Sync Log:  [END] Copying macken/storage/debugbar/b1056c381cb228f9a66bd9a6cd094cba.json
   Sync Log:  UNISON 2.48.4 finished propagating changes at 14:40:50.65 on 09 Oct 2017
   Sync Log:  Synchronization complete at 14:40:51  (4 items transferred, 0 skipped, 0 failed)
   Sync Log:  UNISON 2.48.4 started propagating changes at 14:41:10.64 on 09 Oct 2017
   Sync Log:  [BGN] Updating file macken/.idea/workspace.xml from /host_sync to /app_sync
   Sync Log:  [END] Updating file macken/.idea/workspace.xml
   Sync Log:  UNISON 2.48.4 finished propagating changes at 14:41:10.65 on 09 Oct 2017
   Sync Log:  Synchronization complete at 14:41:13  (1 item transferred, 0 skipped, 0 failed)
   Sync Log:  UNISON 2.48.4 started propagating changes at 14:43:39.96 on 09 Oct 2017
   Sync Log:  [BGN] Updating file DevDock/docker-compose.sync.yml from /host_sync to /app_sync
   Sync Log:  [END] Updating file DevDock/docker-compose.sync.yml
   Sync Log:  UNISON 2.48.4 finished propagating changes at 14:43:41.23 on 09 Oct 2017
   Sync Log:  Synchronization complete at 14:43:46  (1 item transferred, 0 skipped, 0 failed)
   Sync Log:  UNISON 2.48.4 started propagating changes at 14:43:51.37 on 09 Oct 2017
   Sync Log:  [BGN] Updating file DevDock/docker-compose.sync.yml from /host_sync to /app_sync
   Sync Log:  [END] Updating file DevDock/docker-compose.sync.yml
   Sync Log:  UNISON 2.48.4 finished propagating changes at 14:43:51.38 on 09 Oct 2017
   Sync Log:  Synchronization complete at 14:43:53  (1 item transferred, 0 skipped, 0 failed)
   Sync Log:  UNISON 2.48.4 started propagating changes at 14:48:07.28 on 09 Oct 2017
   Sync Log:  [BGN] Updating file macken/.idea/workspace.xml from /host_sync to /app_sync
   Sync Log:  [END] Updating file macken/.idea/workspace.xml
   Sync Log:  UNISON 2.48.4 finished propagating changes at 14:48:07.37 on 09 Oct 2017
   Sync Log:  Synchronization complete at 14:48:08  (1 item transferred, 0 skipped, 0 failed)
   Sync Log:  UNISON 2.48.4 started propagating changes at 14:48:17.40 on 09 Oct 2017
   Sync Log:  [BGN] Updating file DevDock/logs/nginx/access.log from /host_sync to /app_sync
   Sync Log:  [END] Updating file DevDock/logs/nginx/access.log
   Sync Log:  [BGN] Copying macken/storage/debugbar/2f691ed4ee2c255918b20c76dc945d9f.json from /app_sync to /host_sync
   Sync Log:  [END] Copying macken/storage/debugbar/2f691ed4ee2c255918b20c76dc945d9f.json
   Sync Log:  [BGN] Copying macken/storage/debugbar/32497c76fd4b3e8119e877446aabdfe9.json from /app_sync to /host_sync
   Sync Log:  [END] Copying macken/storage/debugbar/32497c76fd4b3e8119e877446aabdfe9.json
   Sync Log:  [BGN] Copying macken/storage/debugbar/d46e371b0e5111945df37c0ec4e43b13.json from /app_sync to /host_sync
   Sync Log:  [END] Copying macken/storage/debugbar/d46e371b0e5111945df37c0ec4e43b13.json
   Sync Log:  [BGN] Updating file macken/storage/framework/views/2860d87e6d2724a49b595e6b457fede6259c906b.php from /app_sync to /host_sync
   Sync Log:  [END] Updating file macken/storage/framework/views/2860d87e6d2724a49b595e6b457fede6259c906b.php
   Sync Log:  UNISON 2.48.4 finished propagating changes at 14:48:22.44 on 09 Oct 2017
   Sync Log:  Synchronization complete at 14:48:24  (5 items transferred, 0 skipped, 0 failed)
   Sync Log:  UNISON 2.48.4 started propagating changes at 14:48:31.97 on 09 Oct 2017
   Sync Log:  [BGN] Updating file macken/storage/logs/laravel.log from /app_sync to /host_sync
   Sync Log:  [END] Updating file macken/storage/logs/laravel.log
   Sync Log:  UNISON 2.48.4 finished propagating changes at 14:48:35.91 on 09 Oct 2017
   Sync Log:  Synchronization complete at 14:48:40  (1 item transferred, 0 skipped, 0 failed)
   Sync Log:  UNISON 2.48.4 started propagating changes at 14:48:45.91 on 09 Oct 2017
   Sync Log:  [BGN] Updating file DevDock/logs/nginx/access.log from /host_sync to /app_sync
   Sync Log:  [END] Updating file DevDock/logs/nginx/access.log
   Sync Log:  [BGN] Copying macken/storage/debugbar/776ea04ee6d258660dba1f9cf656c183.json from /app_sync to /host_sync
   Sync Log:  [END] Copying macken/storage/debugbar/776ea04ee6d258660dba1f9cf656c183.json
   Sync Log:  [BGN] Updating file macken/storage/framework/sessions/huXEMKMNMamIhi1in6xqgovBP73bEQGztAlzVPfq from /app_sync to /host_sync
   Sync Log:  [END] Updating file macken/storage/framework/sessions/huXEMKMNMamIhi1in6xqgovBP73bEQGztAlzVPfq
   Sync Log:  UNISON 2.48.4 finished propagating changes at 14:48:50.80 on 09 Oct 2017
   Sync Log:  Synchronization complete at 14:48:53  (3 items transferred, 0 skipped, 0 failed)
   Sync Log:  UNISON 2.48.4 started propagating changes at 14:48:58.49 on 09 Oct 2017
   Sync Log:  [BGN] Updating file DevDock/logs/nginx/access.log from /host_sync to /app_sync
   Sync Log:  [END] Updating file DevDock/logs/nginx/access.log
   Sync Log:  UNISON 2.48.4 finished propagating changes at 14:49:02.36 on 09 Oct 2017
   Sync Log:  Synchronization complete at 14:49:03  (1 item transferred, 0 skipped, 0 failed)
   Sync Log:  UNISON 2.48.4 started propagating changes at 14:49:28.70 on 09 Oct 2017
   Sync Log:  [BGN] Copying macken/storage/debugbar/978412f7d830abaa26b6e69be16ef4cd.json from /app_sync to /host_sync
   Sync Log:  [END] Copying macken/storage/debugbar/978412f7d830abaa26b6e69be16ef4cd.json
   Sync Log:  [BGN] Updating file macken/storage/framework/sessions/huXEMKMNMamIhi1in6xqgovBP73bEQGztAlzVPfq from /app_sync to /host_sync
   Sync Log:  [END] Updating file macken/storage/framework/sessions/huXEMKMNMamIhi1in6xqgovBP73bEQGztAlzVPfq
   Sync Log:  UNISON 2.48.4 finished propagating changes at 14:49:28.89 on 09 Oct 2017
   Sync Log:  Synchronization complete at 14:49:33  (2 items transferred, 0 skipped, 0 failed)
   Sync Log:  UNISON 2.48.4 started propagating changes at 14:49:36.54 on 09 Oct 2017
   Sync Log:  [BGN] Copying macken/storage/debugbar/0c6e65ecb1fee20c842cc78269abbdbb.json from /app_sync to /host_sync
   Sync Log:  [END] Copying macken/storage/debugbar/0c6e65ecb1fee20c842cc78269abbdbb.json
   Sync Log:  [BGN] Copying macken/storage/debugbar/1264854b227de325a1b23360678126e8.json from /app_sync to /host_sync
   Sync Log:  [END] Copying macken/storage/debugbar/1264854b227de325a1b23360678126e8.json
   Sync Log:  [BGN] Copying macken/storage/debugbar/2f09d443b7549953d72224c90fe8e766.json from /app_sync to /host_sync
   Sync Log:  [END] Copying macken/storage/debugbar/2f09d443b7549953d72224c90fe8e766.json
   Sync Log:  [BGN] Copying macken/storage/debugbar/f201580494044356631d050ec5dc87b1.json from /app_sync to /host_sync
   Sync Log:  [END] Copying macken/storage/debugbar/f201580494044356631d050ec5dc87b1.json
   Sync Log:  [BGN] Updating file macken/storage/framework/sessions/huXEMKMNMamIhi1in6xqgovBP73bEQGztAlzVPfq from /app_sync to /host_sync
   Sync Log:  [END] Updating file macken/storage/framework/sessions/huXEMKMNMamIhi1in6xqgovBP73bEQGztAlzVPfq
   Sync Log:  UNISON 2.48.4 finished propagating changes at 14:49:36.72 on 09 Oct 2017
   Sync Log:  Synchronization complete at 14:49:38  (5 items transferred, 0 skipped, 0 failed)
   Sync Log:  UNISON 2.48.4 started propagating changes at 14:49:43.55 on 09 Oct 2017
   Sync Log:  [BGN] Copying macken/storage/debugbar/cd1151e58cf1bcc7a54563b952912505.json from /app_sync to /host_sync
   Sync Log:  [END] Copying macken/storage/debugbar/cd1151e58cf1bcc7a54563b952912505.json
   Sync Log:  [BGN] Copying macken/storage/debugbar/e3e7f13631c8c5c7630e3a6c8df5fadd.json from /app_sync to /host_sync
   Sync Log:  [END] Copying macken/storage/debugbar/e3e7f13631c8c5c7630e3a6c8df5fadd.json
   Sync Log:  [BGN] Updating file macken/storage/framework/sessions/huXEMKMNMamIhi1in6xqgovBP73bEQGztAlzVPfq from /app_sync to /host_sync
   Sync Log:  [END] Updating file macken/storage/framework/sessions/huXEMKMNMamIhi1in6xqgovBP73bEQGztAlzVPfq
   Sync Log:  UNISON 2.48.4 finished propagating changes at 14:49:43.85 on 09 Oct 2017
   Sync Log:  Synchronization complete at 14:49:46  (3 items transferred, 0 skipped, 0 failed)
   Sync Log:  UNISON 2.48.4 started propagating changes at 14:49:50.40 on 09 Oct 2017
   Sync Log:  [BGN] Updating file DevDock/logs/nginx/access.log from /host_sync to /app_sync
   Sync Log:  Failed: The source file /host_sync/DevDock/logs/nginx/access.log
   Sync Log:  has been modified during synchronization.  Transfer aborted.
   Sync Log:  [BGN] Copying macken/storage/debugbar/053feebc50b7b346a7352cd5f91dfbe6.json from /app_sync to /host_sync
   Sync Log:  [END] Copying macken/storage/debugbar/053feebc50b7b346a7352cd5f91dfbe6.json
   Sync Log:  [BGN] Copying macken/storage/debugbar/1f469a5f4ad67a39ecf9fd62b38bea64.json from /app_sync to /host_sync
   Sync Log:  [END] Copying macken/storage/debugbar/1f469a5f4ad67a39ecf9fd62b38bea64.json
   Sync Log:  [BGN] Copying macken/storage/debugbar/dc923f75769f6db0e1fdc4a85012e0ed.json from /app_sync to /host_sync
   Sync Log:  [END] Copying macken/storage/debugbar/dc923f75769f6db0e1fdc4a85012e0ed.json
   Sync Log:  UNISON 2.48.4 finished propagating changes at 14:49:54.42 on 09 Oct 2017
   Sync Log:  Synchronization incomplete at 14:49:55  (3 items transferred, 0 skipped, 1 failed)
   Sync Log:    failed: DevDock/logs/nginx/access.log
   Sync Log:  UNISON 2.48.4 started propagating changes at 14:49:59.20 on 09 Oct 2017
   Sync Log:  [BGN] Updating file DevDock/logs/nginx/access.log from /host_sync to /app_sync
   Sync Log:  [END] Updating file DevDock/logs/nginx/access.log
   Sync Log:  [BGN] Copying macken/storage/debugbar/09ecbee150b6a282d943a41885dafa59.json from /app_sync to /host_sync
   Sync Log:  [END] Copying macken/storage/debugbar/09ecbee150b6a282d943a41885dafa59.json
   Sync Log:  [BGN] Copying macken/storage/debugbar/38554076440453b71c50aaa0b5ad6d8c.json from /app_sync to /host_sync
   Sync Log:  [END] Copying macken/storage/debugbar/38554076440453b71c50aaa0b5ad6d8c.json
   Sync Log:  [BGN] Copying macken/storage/debugbar/396e710e5c53f9152e9578fbab647189.json from /app_sync to /host_sync
   Sync Log:  [END] Copying macken/storage/debugbar/396e710e5c53f9152e9578fbab647189.json
   Sync Log:  [BGN] Copying macken/storage/debugbar/738f7fbcdaec86e56380b70a64e5f6f5.json from /app_sync to /host_sync
   Sync Log:  [END] Copying macken/storage/debugbar/738f7fbcdaec86e56380b70a64e5f6f5.json
   Sync Log:  [BGN] Copying macken/storage/debugbar/e20979e405adc4a4df094afda15abab0.json from /app_sync to /host_sync
   Sync Log:  [END] Copying macken/storage/debugbar/e20979e405adc4a4df094afda15abab0.json
   Sync Log:  [BGN] Copying macken/storage/debugbar/ea25436f6de9992e51bead9239dd4cdb.json from /app_sync to /host_sync
   Sync Log:  [END] Copying macken/storage/debugbar/ea25436f6de9992e51bead9239dd4cdb.json
   Sync Log:  [BGN] Copying macken/storage/debugbar/feaca8a6f40d6d4c3e58cc295f3bfe1c.json from /app_sync to /host_sync
   Sync Log:  [END] Copying macken/storage/debugbar/feaca8a6f40d6d4c3e58cc295f3bfe1c.json
   Sync Log:  UNISON 2.48.4 finished propagating changes at 14:50:00.76 on 09 Oct 2017
   Sync Log:  Synchronization complete at 14:50:01  (8 items transferred, 0 skipped, 0 failed)
   Sync Log:  UNISON 2.48.4 started propagating changes at 14:50:39.06 on 09 Oct 2017
   Sync Log:  [BGN] Copying macken/storage/debugbar/e45ca481df2669614fbd22bab8743f20.json from /app_sync to /host_sync
   Sync Log:  [END] Copying macken/storage/debugbar/e45ca481df2669614fbd22bab8743f20.json
   Sync Log:  UNISON 2.48.4 finished propagating changes at 14:50:39.17 on 09 Oct 2017
   Sync Log:  Synchronization complete at 14:50:40  (1 item transferred, 0 skipped, 0 failed)
   Sync Log:  UNISON 2.48.4 started propagating changes at 14:50:46.21 on 09 Oct 2017
   Sync Log:  [BGN] Updating file DevDock/logs/nginx/access.log from /host_sync to /app_sync
   Sync Log:  Failed: The source file /host_sync/DevDock/logs/nginx/access.log
   Sync Log:  has been modified during synchronization.  Transfer aborted.
   Sync Log:  [BGN] Copying macken/storage/debugbar/0963ac6d4a2fb8979dfbfaa734e4fd8f.json from /app_sync to /host_sync
   Sync Log:  [END] Copying macken/storage/debugbar/0963ac6d4a2fb8979dfbfaa734e4fd8f.json
   Sync Log:  [BGN] Copying macken/storage/debugbar/c526e5efefa0c84272e8c4c96fa9491c.json from /app_sync to /host_sync
   Sync Log:  [END] Copying macken/storage/debugbar/c526e5efefa0c84272e8c4c96fa9491c.json
   Sync Log:  [BGN] Updating file macken/storage/framework/sessions/huXEMKMNMamIhi1in6xqgovBP73bEQGztAlzVPfq from /app_sync to /host_sync
   Sync Log:  Failed: The source file /app_sync/macken/storage/framework/sessions/huXEMKMNMamIhi1in6xqgovBP73bEQGztAlzVPfq
   Sync Log:  has been modified during synchronization.  Transfer aborted.
   Sync Log:  UNISON 2.48.4 finished propagating changes at 14:50:47.19 on 09 Oct 2017
   Sync Log:  Synchronization incomplete at 14:50:49  (2 items transferred, 0 skipped, 2 failed)
   Sync Log:    failed: DevDock/logs/nginx/access.log
   Sync Log:    failed: macken/storage/framework/sessions/huXEMKMNMamIhi1in6xqgovBP73bEQGztAlzVPfq
   Sync Log:  UNISON 2.48.4 started propagating changes at 14:50:52.05 on 09 Oct 2017
   Sync Log:  [BGN] Updating file DevDock/logs/nginx/access.log from /host_sync to /app_sync
   Sync Log:  [END] Updating file DevDock/logs/nginx/access.log
   Sync Log:  [BGN] Copying macken/storage/debugbar/95682284f6f9f177c5e27373734ca37c.json from /app_sync to /host_sync
   Sync Log:  [END] Copying macken/storage/debugbar/95682284f6f9f177c5e27373734ca37c.json
   Sync Log:  [BGN] Copying macken/storage/debugbar/ba0fd633f4627db1febab018d0f3d5cf.json from /app_sync to /host_sync
   Sync Log:  [END] Copying macken/storage/debugbar/ba0fd633f4627db1febab018d0f3d5cf.json
   Sync Log:  [BGN] Copying macken/storage/debugbar/d5565c88fd14a7234435f845d5563050.json from /app_sync to /host_sync
   Sync Log:  [END] Copying macken/storage/debugbar/d5565c88fd14a7234435f845d5563050.json
   Sync Log:  [BGN] Updating file macken/storage/framework/sessions/huXEMKMNMamIhi1in6xqgovBP73bEQGztAlzVPfq from /app_sync to /host_sync
   Sync Log:  [END] Updating file macken/storage/framework/sessions/huXEMKMNMamIhi1in6xqgovBP73bEQGztAlzVPfq
   Sync Log:  UNISON 2.48.4 finished propagating changes at 14:50:53.26 on 09 Oct 2017
   Sync Log:  Synchronization complete at 14:50:54  (5 items transferred, 0 skipped, 0 failed)
   Sync Log:  UNISON 2.48.4 started propagating changes at 15:09:32.10 on 09 Oct 2017
   Sync Log:  [BGN] Updating file DevDock/docker-compose.sync.yml from /host_sync to /app_sync
   Sync Log:  [END] Updating file DevDock/docker-compose.sync.yml
   Sync Log:  UNISON 2.48.4 finished propagating changes at 15:09:32.12 on 09 Oct 2017
   Sync Log:  Synchronization complete at 15:09:33  (1 item transferred, 0 skipped, 0 failed)
          ok  Starting native_osx for sync applications-docker-sync
          ok  applications-docker-sync container still running, restarting unison in container
     command  docker exec applications-docker-sync supervisorctl restart unison
          ok  starting initial sync of applications-docker-sync
     success  Sync container started
     success  Showing unison logs from your sync container: applications-docker-sync
   Sync Log:  [END] Copying macken/storage/debugbar/d5565c88fd14a7234435f845d5563050.json
   Sync Log:  [BGN] Updating file macken/storage/framework/sessions/huXEMKMNMamIhi1in6xqgovBP73bEQGztAlzVPfq from /app_sync to /host_sync
   Sync Log:  [END] Updating file macken/storage/framework/sessions/huXEMKMNMamIhi1in6xqgovBP73bEQGztAlzVPfq
   Sync Log:  UNISON 2.48.4 finished propagating changes at 14:50:53.26 on 09 Oct 2017
   Sync Log:  Synchronization complete at 14:50:54  (5 items transferred, 0 skipped, 0 failed)
   Sync Log:  UNISON 2.48.4 started propagating changes at 15:09:32.10 on 09 Oct 2017
   Sync Log:  [BGN] Updating file DevDock/docker-compose.sync.yml from /host_sync to /app_sync
   Sync Log:  [END] Updating file DevDock/docker-compose.sync.yml
   Sync Log:  UNISON 2.48.4 finished propagating changes at 15:09:32.12 on 09 Oct 2017
   Sync Log:  Synchronization complete at 15:09:33  (1 item transferred, 0 skipped, 0 failed)
          ok  Starting native_osx for sync applications-docker-sync
          ok  applications-docker-sync container still running, restarting unison in container
     command  docker exec applications-docker-sync supervisorctl restart unison
          ok  starting initial sync of applications-docker-sync
     success  Sync container started
     success  Showing unison logs from your sync container: applications-docker-sync
   Sync Log:  [END] Copying macken/storage/debugbar/d5565c88fd14a7234435f845d5563050.json
   Sync Log:  [BGN] Updating file macken/storage/framework/sessions/huXEMKMNMamIhi1in6xqgovBP73bEQGztAlzVPfq from /app_sync to /host_sync
   Sync Log:  [END] Updating file macken/storage/framework/sessions/huXEMKMNMamIhi1in6xqgovBP73bEQGztAlzVPfq
   Sync Log:  UNISON 2.48.4 finished propagating changes at 14:50:53.26 on 09 Oct 2017
   Sync Log:  Synchronization complete at 14:50:54  (5 items transferred, 0 skipped, 0 failed)
   Sync Log:  UNISON 2.48.4 started propagating changes at 15:09:32.10 on 09 Oct 2017
   Sync Log:  [BGN] Updating file DevDock/docker-compose.sync.yml from /host_sync to /app_sync
   Sync Log:  [END] Updating file DevDock/docker-compose.sync.yml
   Sync Log:  UNISON 2.48.4 finished propagating changes at 15:09:32.12 on 09 Oct 2017
   Sync Log:  Synchronization complete at 15:09:33  (1 item transferred, 0 skipped, 0 failed)
   Sync Log:  UNISON 2.48.4 started propagating changes at 15:31:10.52 on 09 Oct 2017
   Sync Log:  [BGN] Updating file DevDock/.docker-sync/daemon.log from /host_sync to /app_sync
   Sync Log:  [END] Updating file DevDock/.docker-sync/daemon.log
   Sync Log:  [BGN] Updating file DevDock/.docker-sync/daemon.pid from /host_sync to /app_sync
   Sync Log:  [END] Updating file DevDock/.docker-sync/daemon.pid
   Sync Log:  [BGN] Updating file DevDock/docker-compose.sync.yml from /host_sync to /app_sync
   Sync Log:  [END] Updating file DevDock/docker-compose.sync.yml
   Sync Log:  [BGN] Updating file DevDock/logs/nginx/access.log from /host_sync to /app_sync
   Sync Log:  [END] Updating file DevDock/logs/nginx/access.log
   Sync Log:  [BGN] Copying macken/storage/debugbar/09d1353353b3efc0eb18e3ab6a4066ad.json from /app_sync to /host_sync
   Sync Log:  [END] Copying macken/storage/debugbar/09d1353353b3efc0eb18e3ab6a4066ad.json
   Sync Log:  [BGN] Copying macken/storage/debugbar/23e3b7245120800a97077070f99fb529.json from /app_sync to /host_sync
   Sync Log:  [END] Copying macken/storage/debugbar/23e3b7245120800a97077070f99fb529.json
   Sync Log:  [BGN] Copying macken/storage/debugbar/2879d03d0e99d97c9ab147c099de138e.json from /app_sync to /host_sync
   Sync Log:  [END] Copying macken/storage/debugbar/2879d03d0e99d97c9ab147c099de138e.json
   Sync Log:  [BGN] Copying macken/storage/debugbar/28dc5de2f8f3e69e4ebe4ad21a7b1316.json from /app_sync to /host_sync
   Sync Log:  [END] Copying macken/storage/debugbar/28dc5de2f8f3e69e4ebe4ad21a7b1316.json
   Sync Log:  [BGN] Copying macken/storage/debugbar/2ab95745b52872cc461014ad30beb96d.json from /app_sync to /host_sync
   Sync Log:  [END] Copying macken/storage/debugbar/2ab95745b52872cc461014ad30beb96d.json
   Sync Log:  [BGN] Copying macken/storage/debugbar/456c9bfc0f694cb7eb6e1426d39b86c4.json from /app_sync to /host_sync
   Sync Log:  [END] Copying macken/storage/debugbar/456c9bfc0f694cb7eb6e1426d39b86c4.json
   Sync Log:  [BGN] Copying macken/storage/debugbar/4c50d1e1a96c50e29bf5e8e53e22d22d.json from /app_sync to /host_sync
   Sync Log:  [END] Copying macken/storage/debugbar/4c50d1e1a96c50e29bf5e8e53e22d22d.json
   Sync Log:  [BGN] Copying macken/storage/debugbar/4d1ba6739db3b878df2ff1f08951dfb3.json from /app_sync to /host_sync
   Sync Log:  [END] Copying macken/storage/debugbar/4d1ba6739db3b878df2ff1f08951dfb3.json
   Sync Log:  [BGN] Copying macken/storage/debugbar/5548908d61c610d62c58866745e61377.json from /app_sync to /host_sync
   Sync Log:  [END] Copying macken/storage/debugbar/5548908d61c610d62c58866745e61377.json
   Sync Log:  [BGN] Copying macken/storage/debugbar/5e1746e867a8834ca1c97f22924da25c.json from /app_sync to /host_sync
   Sync Log:  [END] Copying macken/storage/debugbar/5e1746e867a8834ca1c97f22924da25c.json
   Sync Log:  [BGN] Copying macken/storage/debugbar/5e6aa6f963896ec9e1f0f80e3583c900.json from /app_sync to /host_sync
   Sync Log:  [END] Copying macken/storage/debugbar/5e6aa6f963896ec9e1f0f80e3583c900.json
   Sync Log:  [BGN] Copying macken/storage/debugbar/8715ced9a008d7d41d33d311fac542ef.json from /app_sync to /host_sync
   Sync Log:  [END] Copying macken/storage/debugbar/8715ced9a008d7d41d33d311fac542ef.json
   Sync Log:  [BGN] Copying macken/storage/debugbar/8dbd944d95678988a7848efd57a4e733.json from /app_sync to /host_sync
   Sync Log:  [END] Copying macken/storage/debugbar/8dbd944d95678988a7848efd57a4e733.json
   Sync Log:  [BGN] Copying macken/storage/debugbar/904fb6c15cf77dde06d6f5deb711d3ad.json from /app_sync to /host_sync
   Sync Log:  [END] Copying macken/storage/debugbar/904fb6c15cf77dde06d6f5deb711d3ad.json
   Sync Log:  [BGN] Copying macken/storage/debugbar/a81caf0b55c3b01fcfb41691714112b9.json from /app_sync to /host_sync
   Sync Log:  [END] Copying macken/storage/debugbar/a81caf0b55c3b01fcfb41691714112b9.json
   Sync Log:  [BGN] Copying macken/storage/debugbar/b282738a8a9f64ee2599cf6921d6fdd7.json from /app_sync to /host_sync
   Sync Log:  [END] Copying macken/storage/debugbar/b282738a8a9f64ee2599cf6921d6fdd7.json
   Sync Log:  [BGN] Copying macken/storage/debugbar/de30139eb80bab270a11e8921deaa890.json from /app_sync to /host_sync
   Sync Log:  [END] Copying macken/storage/debugbar/de30139eb80bab270a11e8921deaa890.json
   Sync Log:  [BGN] Copying macken/storage/debugbar/e1f58efca81dc715c7b0e1bf205f6405.json from /app_sync to /host_sync
   Sync Log:  [END] Copying macken/storage/debugbar/e1f58efca81dc715c7b0e1bf205f6405.json
   Sync Log:  [BGN] Copying macken/storage/debugbar/f1a003bdef4e3b893e8d6e4355c08cd7.json from /app_sync to /host_sync
   Sync Log:  [END] Copying macken/storage/debugbar/f1a003bdef4e3b893e8d6e4355c08cd7.json
   Sync Log:  [BGN] Updating file macken/storage/framework/sessions/huXEMKMNMamIhi1in6xqgovBP73bEQGztAlzVPfq from /app_sync to /host_sync
   Sync Log:  [END] Updating file macken/storage/framework/sessions/huXEMKMNMamIhi1in6xqgovBP73bEQGztAlzVPfq
   Sync Log:  UNISON 2.48.4 finished propagating changes at 15:31:13.48 on 09 Oct 2017
   Sync Log:  Synchronization complete at 15:31:14  (24 items transferred, 0 skipped, 0 failed)
   Sync Log:  UNISON 2.48.4 started propagating changes at 15:31:18.00 on 09 Oct 2017
   Sync Log:  [BGN] Updating file DevDock/README.md from /host_sync to /app_sync
   Sync Log:  [END] Updating file DevDock/README.md
   Sync Log:  UNISON 2.48.4 finished propagating changes at 15:31:18.00 on 09 Oct 2017
   Sync Log:  Synchronization complete at 15:31:19  (1 item transferred, 0 skipped, 0 failed)
   Sync Log:  UNISON 2.48.4 started propagating changes at 15:43:43.46 on 09 Oct 2017
   Sync Log:  [BGN] Updating file DevDock/README.md from /host_sync to /app_sync
   Sync Log:  [END] Updating file DevDock/README.md
   Sync Log:  UNISON 2.48.4 finished propagating changes at 15:43:43.48 on 09 Oct 2017
